This is LuaHBTeX, Version 1.12.0 (TeX Live 2020/W32TeX)  (format=lualatex 2020.5.15)  18 MAY 2020 01:25
 restricted system commands enabled.
**2_gerondif.tex
(./2_gerondif.tex
LaTeX2e <2020-02-02> patch level 5
Lua module: luaotfload-main 2020-02-02 3.12 luaotfload entry point
Lua module: luaotfload-init 2020-02-02 3.12 luaotfload submodule / initializatio
n
Lua module: lualibs 2020-02-02 2.70 ConTeXt Lua standard libraries.
Lua module: lualibs-extended 2020-02-02 2.70 ConTeXt Lua libraries -- extended c
ollection.
Lua module: luaotfload-log 2020-02-02 3.12 luaotfload submodule / logging
Lua module: luaotfload-parsers 2020-02-02 3.12 luaotfload submodule / filelist
Lua module: luaotfload-configuration 2020-02-02 3.12 luaotfload submodule / conf
ig file reader
luaotfload | conf : Root cache directory is C:/texlive/2020/texmf-var/luatex-cac
he/generic-dev/names.
luaotfload | init : Loading fontloader “fontloader-2020-01-26.lua” from kpse
-resolved path “c:/texlive/2020/texmf-dist/tex/luatex/luaotfload/fontloader-20
20-01-26.lua”.
Lua-only attribute luaotfload@state = 2
Lua-only attribute luaotfload@noligature = 3
Lua-only attribute luaotfload@syllabe = 4
luaotfload | init : Context OpenType loader version “3.11”
Inserting `luaotfload.node_processor' at position 1 in `pre_linebreak_filter'.
Inserting `luaotfload.node_processor' at position 1 in `hpack_filter'.
Lua module: luaotfload-loaders 2020-02-02 3.12 luaotfload submodule / callback h
andling
Inserting `luaotfload.define_font' at position 1 in `define_font'.
Lua module: luaotfload-database 2020-02-02 3.12 luaotfload submodule / database
Lua module: luaotfload-unicode 2020-02-02 3.12 luaotfload submodule / Unicode he
lpers
Lua module: luaotfload-colors 2020-02-02 3.12 luaotfload submodule / color
Lua-only attribute luaotfload_color_attribute = 5
Lua module: luaotfload-resolvers 2020-02-02 3.12 luaotfload submodule / resolver
s
luaotfload | conf : Root cache directory is C:/texlive/2020/texmf-var/luatex-cac
he/generic-dev/names.
Lua module: luaotfload-features 2020-02-02 3.12 luaotfload submodule / features
Lua module: luaotfload-letterspace 2020-02-02 3.12 luaotfload submodule / color
Lua module: luaotfload-embolden 2020-02-02 3.12 luaotfload submodule / color
Lua module: luaotfload-notdef 2020-02-02 3.12 luaotfload submodule / color
Lua module: luaotfload-harf-define 2020-02-02 3.12 luaotfload submodule / databa
se
Lua module: luaotfload-script 2020-02-02 3.12 luaotfload submodule / Script help
ers
Inserting `luaotfload.harf.strip_prefix' at position 1 in `find_opentype_file'.
Inserting `luaotfload.harf.strip_prefix' at position 1 in `find_truetype_file'.
Lua module: luaotfload-harf-plug 2020-02-02 3.12 luaotfload submodule / database
Inserting `Harf pre_output_filter callback' at position 1 in `pre_output_filter'
.
Inserting `Harf wrapup_run callback' at position 1 in `wrapup_run'.
Inserting `Harf finish_pdffile callback' at position 1 in `finish_pdffile'.
Inserting `Harf glyph_info callback' at position 1 in `glyph_info'.
Lua module: luaotfload-auxiliary 2020-02-02 3.12 luaotfload submodule / auxiliar
y functions
Inserting `luaotfload.aux.set_sscale_dimens' at position 1 in `luaotfload.patch_
font'.
Inserting `luaotfload.aux.set_font_index' at position 2 in `luaotfload.patch_fon
t'.
Inserting `luaotfload.aux.patch_cambria_domh' at position 3 in `luaotfload.patch
_font'.
Inserting `luaotfload.aux.fixup_fontdata' at position 1 in `luaotfload.patch_fon
t_unsafe'.
Inserting `luaotfload.aux.set_capheight' at position 4 in `luaotfload.patch_font
'.
Inserting `luaotfload.aux.set_xheight' at position 5 in `luaotfload.patch_font'.
Lua module: luaotfload-fallback 2020-02-02 3.12 luaotfload submodule / fallback
Lua module: luaotfload-multiscript 2020-02-02 3.12 luaotfload submodule / multis
cript
Lua module: luaotfload-tounicode 2020-02-02 3.12 luaotfload submodule / tounicod
e
Inserting `luaotfload.rewrite_fontname' at position 6 in `luaotfload.patch_font'
. L3 programming layer <2020-03-06>
! Undefined control sequence.
l.1 \section
          {Gerondif}
The control sequence at the end of the top line
of your error message was never \def'ed. If you have
misspelled it (e.g., `\hobx'), type `I' and the correct
spelling (e.g., `I\hbox'). Otherwise just continue,
and I'll forget about whatever was undefined.


! LaTeX Error: Missing \begin{document}.

See the LaTeX manual or LaTeX Companion for explanation.
Type  H <return>  for immediate help.
 ...                                              
                                                  
l.1 \section{G
            erondif}
You're in trouble here.  Try typing  <return>  to proceed.
If that doesn't work, type  X <return>  to quit.


Overfull \hbox (20.0pt too wide) in paragraph at lines 1--2
[]Gerondif 
 []

! Undefined control sequence.
l.3 \subsection
             {Formação}
The control sequence at the end of the top line
of your error message was never \def'ed. If you have
misspelled it (e.g., `\hobx'), type `I' and the correct
spelling (e.g., `I\hbox'). Otherwise just continue,
and I'll forget about whatever was undefined.


! LaTeX Error: Missing \begin{document}.

See the LaTeX manual or LaTeX Companion for explanation.
Type  H <return>  for immediate help.
 ...                                              
                                                  
l.3 \subsection{F
               ormação}
You're in trouble here.  Try typing  <return>  to proceed.
If that doesn't work, type  X <return>  to quit.

! Undefined control sequence.
l.4   \textcolor
              {red}{Radical} + \textbf{ant}
The control sequence at the end of the top line
of your error message was never \def'ed. If you have
misspelled it (e.g., `\hobx'), type `I' and the correct
spelling (e.g., `I\hbox'). Otherwise just continue,
and I'll forget about whatever was undefined.

luaotfload | db : Font names database loaded from C:/texlive/2020/texmf-var/luat
ex-cache/generic-dev/names/luaotfload-names.luc
Overfull \hbox (20.0pt too wide) in paragraph at lines 3--5
[]Formação
 []


Overfull \hbox (16.12999pt too wide) in paragraph at lines 3--5
\TU/lmr/bx/n/10 ant 
 []

! Undefined control sequence.
<recently read> \textcolor 
           
l.6   	\item boire: \textbf{\textcolor{red}{buv}}
                                                + \textbf{ant}
The control sequence at the end of the top line
of your error message was never \def'ed. If you have
misspelled it (e.g., `\hobx'), type `I' and the correct
spelling (e.g., `I\hbox'). Otherwise just continue,
and I'll forget about whatever was undefined.


Overfull \hbox (20.23001pt too wide) in paragraph at lines 6--7
\TU/lmr/bx/n/10 red-
 []


Overfull \hbox (18.85pt too wide) in paragraph at lines 6--7
\TU/lmr/bx/n/10 buv
 []


Overfull \hbox (16.12999pt too wide) in paragraph at lines 6--7
\TU/lmr/bx/n/10 ant 
 []

! Undefined control sequence.
<recently read> \textcolor 
           
l.7 ...tem étudier: \textbf{\textcolor{red}{etudi}}
                                                   + \textbf{ant}
The control sequence at the end of the top line
of your error message was never \def'ed. If you have
misspelled it (e.g., `\hobx'), type `I' and the correct
spelling (e.g., `I\hbox'). Otherwise just continue,
and I'll forget about whatever was undefined.


Overfull \hbox (13.84001pt too wide) in paragraph at lines 7--8
\TU/lmr/bx/n/10 re-
 []


Overfull \hbox (15.49pt too wide) in paragraph at lines 7--8
\TU/lmr/bx/n/10 de-
 []


Overfull \hbox (20.44pt too wide) in paragraph at lines 7--8
\TU/lmr/bx/n/10 tudi
 []


Overfull \hbox (16.12999pt too wide) in paragraph at lines 7--8
\TU/lmr/bx/n/10 ant 
 []

! Undefined control sequence.
<recently read> \textcolor 
           
l.11 ...xtbf{avoir}: \textbf{\textcolor{red}{ayant}}
                                                  
The control sequence at the end of the top line
of your error message was never \def'ed. If you have
misspelled it (e.g., `\hobx'), type `I' and the correct
spelling (e.g., `I\hbox'). Otherwise just continue,
and I'll forget about whatever was undefined.


Overfull \hbox (24.7pt too wide) in paragraph at lines 11--12
\TU/lmr/bx/n/10 avoir\nullfont :
 []


Overfull \hbox (13.84001pt too wide) in paragraph at lines 11--12
\TU/lmr/bx/n/10 re-
 []


Overfull \hbox (33.53998pt too wide) in paragraph at lines 11--12
\TU/lmr/bx/n/10 dayant 
 []

! Undefined control sequence.
l.14 \subsection
              {Uso}
The control sequence at the end of the top line
of your error message was never \def'ed. If you have
misspelled it (e.g., `\hobx'), type `I' and the correct
spelling (e.g., `I\hbox'). Otherwise just continue,
and I'll forget about whatever was undefined.


Overfull \hbox (20.0pt too wide) in paragraph at lines 14--15
[]Uso 
 []


! LaTeX Error: Environment namedtheorem undefined.

See the LaTeX manual or LaTeX Companion for explanation.
Type  H <return>  for immediate help.
 ...                                              
                                                  
l.16 \begin{namedtheorem}
                       [Ação contínua]
Your command was ignored.
Type  I <command> <return>  to replace it with another command,
or  <return>  to continue without it.

! Undefined control sequence.
<argument>  \textcolor 
            {red}{verbo no radical}
l.18 ...\textbf{  \textcolor{red}{verbo no radical}}
                                                  
The control sequence at the end of the top line
of your error message was never \def'ed. If you have
misspelled it (e.g., `\hobx'), type `I' and the correct
spelling (e.g., `I\hbox'). Otherwise just continue,
and I'll forget about whatever was undefined.


Overfull \hbox (20.0pt too wide) in paragraph at lines 16--19
[][Ação
 []


Overfull \hbox (20.23001pt too wide) in paragraph at lines 16--19
\TU/lmr/bx/n/10 pre-
 []


Overfull \hbox (25.62pt too wide) in paragraph at lines 16--19
\TU/lmr/bx/n/10 sente
 []


Overfull \hbox (27.22002pt too wide) in paragraph at lines 16--19
\TU/lmr/m/it/10 geron-
 []


Overfull \hbox (12.90001pt too wide) in paragraph at lines 16--19
\TU/lmr/m/it/10 dif 
 []


Overfull \hbox (16.23003pt too wide) in paragraph at lines 16--19
\TU/lmr/m/it/10 être
 []


Overfull \hbox (11.66pt too wide) in paragraph at lines 16--19
\TU/lmr/bx/n/10 en
 []


Overfull \hbox (24.38pt too wide) in paragraph at lines 16--19
\TU/lmr/bx/n/10 train
 []


Overfull \hbox (11.66pt too wide) in paragraph at lines 16--19
\TU/lmr/bx/n/10 de
 []


Overfull \hbox (20.23001pt too wide) in paragraph at lines 16--19
\TU/lmr/bx/n/10 red-
 []


Overfull \hbox (28.22002pt too wide) in paragraph at lines 16--19
\TU/lmr/bx/n/10 verbo
 []


Overfull \hbox (12.14pt too wide) in paragraph at lines 16--19
\TU/lmr/bx/n/10 no
 []


Overfull \hbox (20.55pt too wide) in paragraph at lines 16--19
\TU/lmr/bx/n/10 rad-
 []


Overfull \hbox (7.02pt too wide) in paragraph at lines 16--19
\TU/lmr/bx/n/10 i-
 []


Overfull \hbox (13.89pt too wide) in paragraph at lines 16--19
\TU/lmr/bx/n/10 cal 
 []

! Undefined control sequence.
<argument>  \textcolor 
            {red}{chanter}
l.20 ...in de} + \textbf{  \textcolor{red}{chanter}}
                                                  
The control sequence at the end of the top line
of your error message was never \def'ed. If you have
misspelled it (e.g., `\hobx'), type `I' and the correct
spelling (e.g., `I\hbox'). Otherwise just continue,
and I'll forget about whatever was undefined.


Overfull \hbox (16.62pt too wide) in paragraph at lines 20--21
\TU/lmr/m/it/10 suis
 []


Overfull \hbox (11.66pt too wide) in paragraph at lines 20--21
\TU/lmr/bx/n/10 en
 []


Overfull \hbox (24.38pt too wide) in paragraph at lines 20--21
\TU/lmr/bx/n/10 train
 []


Overfull \hbox (11.66pt too wide) in paragraph at lines 20--21
\TU/lmr/bx/n/10 de
 []


Overfull \hbox (20.23001pt too wide) in paragraph at lines 20--21
\TU/lmr/bx/n/10 red-
 []


Overfull \hbox (37.31999pt too wide) in paragraph at lines 20--21
\TU/lmr/bx/n/10 chanter 
 []

! Undefined control sequence.
<argument>  \textcolor 
            {red}{étudier}
l.21 ...n de} + \textbf{  \textcolor{red}{étudier}}
                                                  
The control sequence at the end of the top line
of your error message was never \def'ed. If you have
misspelled it (e.g., `\hobx'), type `I' and the correct
spelling (e.g., `I\hbox'). Otherwise just continue,
and I'll forget about whatever was undefined.


Overfull \hbox (16.62pt too wide) in paragraph at lines 21--22
\TU/lmr/m/it/10 suis
 []


Overfull \hbox (11.66pt too wide) in paragraph at lines 21--22
\TU/lmr/bx/n/10 en
 []


Overfull \hbox (24.38pt too wide) in paragraph at lines 21--22
\TU/lmr/bx/n/10 train
 []


Overfull \hbox (11.66pt too wide) in paragraph at lines 21--22
\TU/lmr/bx/n/10 de
 []


Overfull \hbox (25.50002pt too wide) in paragraph at lines 21--22
\TU/lmr/bx/n/10 redé-
 []


Overfull \hbox (30.45001pt too wide) in paragraph at lines 21--22
\TU/lmr/bx/n/10 tudier 
 []


! LaTeX Error: \begin{document} ended by \end{namedtheorem}.

See the LaTeX manual or LaTeX Companion for explanation.
Type  H <return>  for immediate help.
 ...                                              
                                                  
l.23 \end{namedtheorem}
                     
Your command was ignored.
Type  I <command> <return>  to replace it with another command,
or  <return>  to continue without it.


! LaTeX Error: Environment namedtheorem undefined.

See the LaTeX manual or LaTeX Companion for explanation.
Type  H <return>  for immediate help.
 ...                                              
                                                  
l.25 \begin{namedtheorem}
                       [Expressar Ações Simultâneas]
Your command was ignored.
Type  I <command> <return>  to replace it with another command,
or  <return>  to continue without it.

! Undefined control sequence.
<argument>  \textcolor 
            {red}{verbo no gerondif}
l.27 ...textbf{  \textcolor{red}{verbo no gerondif}}
                                                  
The control sequence at the end of the top line
of your error message was never \def'ed. If you have
misspelled it (e.g., `\hobx'), type `I' and the correct
spelling (e.g., `I\hbox'). Otherwise just continue,
and I'll forget about whatever was undefined.


Overfull \hbox (20.0pt too wide) in paragraph at lines 25--28
[][Expressar
 []


Overfull \hbox (11.66pt too wide) in paragraph at lines 25--28
\TU/lmr/bx/n/10 en
 []


Overfull \hbox (20.23001pt too wide) in paragraph at lines 25--28
\TU/lmr/bx/n/10 red-
 []


Overfull \hbox (28.22002pt too wide) in paragraph at lines 25--28
\TU/lmr/bx/n/10 verbo
 []


Overfull \hbox (12.14pt too wide) in paragraph at lines 25--28
\TU/lmr/bx/n/10 no
 []


Overfull \hbox (31.73001pt too wide) in paragraph at lines 25--28
\TU/lmr/bx/n/10 geron-
 []


Overfull \hbox (13.09pt too wide) in paragraph at lines 25--28
\TU/lmr/bx/n/10 dif 
 []

! Undefined control sequence.
<argument>  \textcolor 
            {red}{skiant}
l.29 ...tbf{en} + \textbf{  \textcolor{red}{skiant}}
                                                  
The control sequence at the end of the top line
of your error message was never \def'ed. If you have
misspelled it (e.g., `\hobx'), type `I' and the correct
spelling (e.g., `I\hbox'). Otherwise just continue,
and I'll forget about whatever was undefined.


Overfull \hbox (11.66pt too wide) in paragraph at lines 29--30
\TU/lmr/bx/n/10 en
 []


Overfull \hbox (20.23001pt too wide) in paragraph at lines 29--30
\TU/lmr/bx/n/10 red-
 []


Overfull \hbox (29.93pt too wide) in paragraph at lines 29--30
\TU/lmr/bx/n/10 skiant 
 []

! Undefined control sequence.
<argument>  \textcolor 
            {red}{boivant de café}
l.30 ...\textbf{  \textcolor{red}{boivant de café}}
                                                  
The control sequence at the end of the top line
of your error message was never \def'ed. If you have
misspelled it (e.g., `\hobx'), type `I' and the correct
spelling (e.g., `I\hbox'). Otherwise just continue,
and I'll forget about whatever was undefined.


Overfull \hbox (11.66pt too wide) in paragraph at lines 30--31
\TU/lmr/bx/n/10 en
 []


Overfull \hbox (20.23001pt too wide) in paragraph at lines 30--31
\TU/lmr/bx/n/10 red-
 []


Overfull \hbox (37.21pt too wide) in paragraph at lines 30--31
\TU/lmr/bx/n/10 boivant
 []


Overfull \hbox (11.66pt too wide) in paragraph at lines 30--31
\TU/lmr/bx/n/10 de
 []


Overfull \hbox (19.48pt too wide) in paragraph at lines 30--31
\TU/lmr/bx/n/10 café 
 []


! LaTeX Error: \begin{document} ended by \end{namedtheorem}.

See the LaTeX manual or LaTeX Companion for explanation.
Type  H <return>  for immediate help.
 ...                                              
                                                  
l.32 \end{namedtheorem}
                     
Your command was ignored.
Type  I <command> <return>  to replace it with another command,
or  <return>  to continue without it.


! LaTeX Error: Environment namedtheorem undefined.

See the LaTeX manual or LaTeX Companion for explanation.
Type  H <return>  for immediate help.
 ...                                              
                                                  
l.34 \begin{namedtheorem}
                       [Indicar oposição]
Your command was ignored.
Type  I <command> <return>  to replace it with another command,
or  <return>  to continue without it.

! Undefined control sequence.
<argument>  \textcolor 
            {red}{en + verbo no gerondif}
l.36 ...f{  \textcolor{red}{en + verbo no gerondif}}
                                                  
The control sequence at the end of the top line
of your error message was never \def'ed. If you have
misspelled it (e.g., `\hobx'), type `I' and the correct
spelling (e.g., `I\hbox'). Otherwise just continue,
and I'll forget about whatever was undefined.


Overfull \hbox (20.0pt too wide) in paragraph at lines 34--37
[][Indicar
 []


Overfull \hbox (21.08pt too wide) in paragraph at lines 34--37
\TU/lmr/bx/n/10 tout
 []


Overfull \hbox (13.84001pt too wide) in paragraph at lines 34--37
\TU/lmr/bx/n/10 re-
 []


Overfull \hbox (18.05pt too wide) in paragraph at lines 34--37
\TU/lmr/bx/n/10 den
 []


Overfull \hbox (8.94pt too wide) in paragraph at lines 34--37
\TU/lmr/bx/n/10 +
 []


Overfull \hbox (28.22002pt too wide) in paragraph at lines 34--37
\TU/lmr/bx/n/10 verbo
 []


Overfull \hbox (12.14pt too wide) in paragraph at lines 34--37
\TU/lmr/bx/n/10 no
 []


Overfull \hbox (31.73001pt too wide) in paragraph at lines 34--37
\TU/lmr/bx/n/10 geron-
 []


Overfull \hbox (13.09pt too wide) in paragraph at lines 34--37
\TU/lmr/bx/n/10 dif 
 []

! Undefined control sequence.
<argument>  \textcolor 
            {red}{en ayant}
l.38 ...tout} + \textbf{  \textcolor{red}{en ayant}}
                                                   beacoup de resources
The control sequence at the end of the top line
of your error message was never \def'ed. If you have
misspelled it (e.g., `\hobx'), type `I' and the correct
spelling (e.g., `I\hbox'). Otherwise just continue,
and I'll forget about whatever was undefined.


Overfull \hbox (21.08pt too wide) in paragraph at lines 38--39
\TU/lmr/bx/n/10 tout
 []


Overfull \hbox (13.84001pt too wide) in paragraph at lines 38--39
\TU/lmr/bx/n/10 re-
 []


Overfull \hbox (18.05pt too wide) in paragraph at lines 38--39
\TU/lmr/bx/n/10 den
 []


Overfull \hbox (27.14998pt too wide) in paragraph at lines 38--39
\TU/lmr/bx/n/10 ayant
 []

! Undefined control sequence.
<argument>  \textcolor 
            {red}{en + étant}
l.39 ...t} + \textbf{  \textcolor{red}{en + étant}}
                                                   très riche
The control sequence at the end of the top line
of your error message was never \def'ed. If you have
misspelled it (e.g., `\hobx'), type `I' and the correct
spelling (e.g., `I\hbox'). Otherwise just continue,
and I'll forget about whatever was undefined.


Overfull \hbox (21.08pt too wide) in paragraph at lines 39--40
\TU/lmr/bx/n/10 tout
 []


Overfull \hbox (13.84001pt too wide) in paragraph at lines 39--40
\TU/lmr/bx/n/10 re-
 []


Overfull \hbox (18.05pt too wide) in paragraph at lines 39--40
\TU/lmr/bx/n/10 den
 []


Overfull \hbox (8.94pt too wide) in paragraph at lines 39--40
\TU/lmr/bx/n/10 +
 []


Overfull \hbox (25.87pt too wide) in paragraph at lines 39--40
\TU/lmr/bx/n/10 étant
 []


! LaTeX Error: \begin{document} ended by \end{namedtheorem}.

See the LaTeX manual or LaTeX Companion for explanation.
Type  H <return>  for immediate help.
 ...                                              
                                                  
l.41 \end{namedtheorem}
                     
Your command was ignored.
Type  I <command> <return>  to replace it with another command,
or  <return>  to continue without it.


! LaTeX Error: Environment namedtheorem undefined.

See the LaTeX manual or LaTeX Companion for explanation.
Type  H <return>  for immediate help.
 ...                                              
                                                  
l.43 \begin{namedtheorem}
                       [Substituir o pronome "qui"]
Your command was ignored.
Type  I <command> <return>  to replace it with another command,
or  <return>  to continue without it.

! Undefined control sequence.
<argument>  \textcolor 
            {red}{verbo no gerondif}
l.45 ...textbf{  \textcolor{red}{verbo no gerondif}}
                                                  
The control sequence at the end of the top line
of your error message was never \def'ed. If you have
misspelled it (e.g., `\hobx'), type `I' and the correct
spelling (e.g., `I\hbox'). Otherwise just continue,
and I'll forget about whatever was undefined.


Overfull \hbox (20.0pt too wide) in paragraph at lines 43--46
[][Substituir
 []


Overfull \hbox (27.07002pt too wide) in paragraph at lines 43--46
\TU/lmr/bx/n/10 ”qui”
 []


Overfull \hbox (33.93002pt too wide) in paragraph at lines 43--46
\TU/lmr/bx/n/10 ”verbo
 []


Overfull \hbox (21.08pt too wide) in paragraph at lines 43--46
\TU/lmr/bx/n/10 con-
 []


Overfull \hbox (13.73pt too wide) in paragraph at lines 43--46
\TU/lmr/bx/n/10 ju-
 []


Overfull \hbox (29.19pt too wide) in paragraph at lines 43--46
\TU/lmr/bx/n/10 gado”
 []


Overfull \hbox (20.23001pt too wide) in paragraph at lines 43--46
\TU/lmr/bx/n/10 red-
 []


Overfull \hbox (28.22002pt too wide) in paragraph at lines 43--46
\TU/lmr/bx/n/10 verbo
 []


Overfull \hbox (12.14pt too wide) in paragraph at lines 43--46
\TU/lmr/bx/n/10 no
 []


Overfull \hbox (31.73001pt too wide) in paragraph at lines 43--46
\TU/lmr/bx/n/10 geron-
 []


Overfull \hbox (13.09pt too wide) in paragraph at lines 43--46
\TU/lmr/bx/n/10 dif 
 []


! LaTeX Error: \begin{document} ended by \end{namedtheorem}.

See the LaTeX manual or LaTeX Companion for explanation.
Type  H <return>  for immediate help.
 ...                                              
                                                  
l.50 \end{namedtheorem}
                     
Your command was ignored.
Type  I <command> <return>  to replace it with another command,
or  <return>  to continue without it.

)
! Emergency stop.
<*> 2_gerondif.tex
               
*** (job aborted, no legal \end found)



Here is how much of LuaTeX's memory you used:
 26 strings out of 480992
 100000,319454 words of node,token memory allocated 12997 words of node memory still in use:
   162 hlist, 24 disc, 19 local_par, 1 dir, 456 glue, 67 kern, 98 penalty, 922 g
lyph, 155 attribute, 39 glue_spec, 155 attribute_list nodes
   avail lists: 2:3,3:1,4:12,5:11,7:9,10:11
 17646 multiletter control sequences out of 65536+600000
 26 fonts using 3014487 bytes
 15i,1n,15p,164b,123s stack positions out of 5000i,500n,10000p,200000b,100000s
!  ==> Fatal error occurred, no output PDF file produced!
